{
  "stats": {
    "suites": 5,
    "tests": 13,
    "passes": 13,
    "pending": 0,
    "failures": 0,
    "start": "2026-02-13T04:27:01.668Z",
    "end": "2026-02-13T04:27:16.648Z",
    "duration": 14980,
    "testsRegistered": 13,
    "passPercent": 100,
    "pendingPercent": 0,
    "other": 0,
    "hasOther": false,
    "skipped": 0,
    "hasSkipped": false
  },
  "results": [
    {
      "uuid": "8aeb83f4-0c50-4eb2-ae52-e1c4da694f7e",
      "title": "",
      "fullFile": "",
      "file": "",
      "beforeHooks": [],
      "afterHooks": [],
      "tests": [],
      "suites": [
        {
          "uuid": "0e12ab47-8649-45a0-b0ef-2b2a5a55242a",
          "title": "Consents",
          "fullFile": "D:\\apps\\test-automation\\marketing-automation-demo\\tests\\integration\\src\\consents.spec.ts",
          "file": "\\src\\consents.spec.ts",
          "beforeHooks": [
            {
              "title": "\"before each\" hook in \"Consents\"",
              "fullTitle": "Consents \"before each\" hook in \"Consents\"",
              "timedOut": false,
              "duration": 1186,
              "state": null,
              "speed": null,
              "pass": false,
              "fail": false,
              "pending": false,
              "context": null,
              "code": "0,import_setup.beforeEachHook)()",
              "err": {},
              "uuid": "034610da-013c-4676-8e14-73e68993ac80",
              "parentUUID": "0e12ab47-8649-45a0-b0ef-2b2a5a55242a",
              "isHook": true,
              "skipped": false
            }
          ],
          "afterHooks": [
            {
              "title": "\"after all\" hook in \"Consents\"",
              "fullTitle": "Consents \"after all\" hook in \"Consents\"",
              "timedOut": false,
              "duration": 2,
              "state": null,
              "speed": null,
              "pass": false,
              "fail": false,
              "pending": false,
              "context": null,
              "code": "0,import_setup.afterAllHook)()",
              "err": {},
              "uuid": "b90885bb-2185-4605-a802-215994572f20",
              "parentUUID": "0e12ab47-8649-45a0-b0ef-2b2a5a55242a",
              "isHook": true,
              "skipped": false
            }
          ],
          "tests": [
            {
              "title": "upserts consent (200)",
              "fullTitle": "Consents upserts consent (200)",
              "timedOut": false,
              "duration": 93,
              "state": "passed",
              "speed": "slow",
              "pass": true,
              "fail": false,
              "pending": false,
              "context": null,
              "code": "const{customerId}=await(0,import_fixtures.createCustomer)();const res=await consents.upsert(customerId,{marketingOptIn:true});(0,import_chai.expect)(res.status).to.equal(200);(0,import_chai.expect)(res.json.customerId).to.equal(customerId);(0,import_chai.expect)(res.json.marketingOptIn).to.equal(true)",
              "err": {},
              "uuid": "8826583a-69e1-40ad-bde4-f581024c698c",
              "parentUUID": "0e12ab47-8649-45a0-b0ef-2b2a5a55242a",
              "isHook": false,
              "skipped": false
            },
            {
              "title": "returns 404 when customer does not exist",
              "fullTitle": "Consents returns 404 when customer does not exist",
              "timedOut": false,
              "duration": 40,
              "state": "passed",
              "speed": "medium",
              "pass": true,
              "fail": false,
              "pending": false,
              "context": null,
              "code": "const fakeId=\"00000000-0000-0000-0000-000000000000\";const res=await consents.upsert(fakeId,{marketingOptIn:true});(0,import_chai.expect)(res.status).to.equal(404);(0,import_chai.expect)(res.json.error?.message).to.be.a(\"string\")",
              "err": {},
              "uuid": "00f9c577-1e0f-48d9-9bf1-5b21dbeb7c2b",
              "parentUUID": "0e12ab47-8649-45a0-b0ef-2b2a5a55242a",
              "isHook": false,
              "skipped": false
            },
            {
              "title": "returns 400 when marketingOptIn is not boolean",
              "fullTitle": "Consents returns 400 when marketingOptIn is not boolean",
              "timedOut": false,
              "duration": 90,
              "state": "passed",
              "speed": "slow",
              "pass": true,
              "fail": false,
              "pending": false,
              "context": null,
              "code": "const{customerId}=await(0,import_fixtures.createCustomer)();const res=await consents.upsert(customerId,{marketingOptIn:\"true\"});(0,import_chai.expect)(res.status).to.equal(400);(0,import_chai.expect)(res.json.error?.message).to.be.a(\"string\")",
              "err": {},
              "uuid": "57b9b209-31e9-45f2-985e-111e32408c8c",
              "parentUUID": "0e12ab47-8649-45a0-b0ef-2b2a5a55242a",
              "isHook": false,
              "skipped": false
            }
          ],
          "suites": [],
          "passes": [
            "8826583a-69e1-40ad-bde4-f581024c698c",
            "00f9c577-1e0f-48d9-9bf1-5b21dbeb7c2b",
            "57b9b209-31e9-45f2-985e-111e32408c8c"
          ],
          "failures": [],
          "pending": [],
          "skipped": [],
          "duration": 223,
          "root": false,
          "rootEmpty": false,
          "_timeout": 30000
        },
        {
          "uuid": "9fab1f8f-2205-4773-99eb-7cf206cc2f94",
          "title": "Customers",
          "fullFile": "D:\\apps\\test-automation\\marketing-automation-demo\\tests\\integration\\src\\customers.spec.ts",
          "file": "\\src\\customers.spec.ts",
          "beforeHooks": [
            {
              "title": "\"before each\" hook in \"Customers\"",
              "fullTitle": "Customers \"before each\" hook in \"Customers\"",
              "timedOut": false,
              "duration": 833,
              "state": null,
              "speed": null,
              "pass": false,
              "fail": false,
              "pending": false,
              "context": null,
              "code": "0,import_setup.beforeEachHook)()",
              "err": {},
              "uuid": "b8513b44-2f5d-4fdb-a3b1-e3a4989a28a8",
              "parentUUID": "9fab1f8f-2205-4773-99eb-7cf206cc2f94",
              "isHook": true,
              "skipped": false
            }
          ],
          "afterHooks": [
            {
              "title": "\"after all\" hook in \"Customers\"",
              "fullTitle": "Customers \"after all\" hook in \"Customers\"",
              "timedOut": false,
              "duration": 0,
              "state": null,
              "speed": null,
              "pass": false,
              "fail": false,
              "pending": false,
              "context": null,
              "code": "0,import_setup.afterAllHook)()",
              "err": {},
              "uuid": "0fa07740-7b52-4de3-bf44-fe3d134233d2",
              "parentUUID": "9fab1f8f-2205-4773-99eb-7cf206cc2f94",
              "isHook": true,
              "skipped": false
            }
          ],
          "tests": [
            {
              "title": "creates customer (201)",
              "fullTitle": "Customers creates customer (201)",
              "timedOut": false,
              "duration": 22,
              "state": "passed",
              "speed": "fast",
              "pass": true,
              "fail": false,
              "pending": false,
              "context": null,
              "code": "const res=await customers.create({externalId:`crm-${Date.now()}`,fullName:\"Customer 1\",attributes:{segment:\"MORTGAGE_INTEREST\"}});(0,import_chai.expect)(res.status).to.equal(201);(0,import_chai.expect)(res.json).to.have.property(\"id\");(0,import_chai.expect)(res.json.externalId).to.be.a(\"string\")",
              "err": {},
              "uuid": "0f21295d-f8dd-4ea2-bdda-3f377a7e0efe",
              "parentUUID": "9fab1f8f-2205-4773-99eb-7cf206cc2f94",
              "isHook": false,
              "skipped": false
            },
            {
              "title": "returns 409 on duplicate externalId",
              "fullTitle": "Customers returns 409 on duplicate externalId",
              "timedOut": false,
              "duration": 33,
              "state": "passed",
              "speed": "fast",
              "pass": true,
              "fail": false,
              "pending": false,
              "context": null,
              "code": "const externalId=`crm-dup-${Date.now()}`;const a=await customers.create({externalId});(0,import_chai.expect)(a.status).to.equal(201);const b=await customers.create({externalId});(0,import_chai.expect)(b.status).to.equal(409);(0,import_chai.expect)(b.json.error?.message).to.be.a(\"string\")",
              "err": {},
              "uuid": "a90116a7-518b-4ea4-ad0c-be166e245ac6",
              "parentUUID": "9fab1f8f-2205-4773-99eb-7cf206cc2f94",
              "isHook": false,
              "skipped": false
            },
            {
              "title": "returns 400 when externalId is missing",
              "fullTitle": "Customers returns 400 when externalId is missing",
              "timedOut": false,
              "duration": 4,
              "state": "passed",
              "speed": "fast",
              "pass": true,
              "fail": false,
              "pending": false,
              "context": null,
              "code": "const res=await customers.create({externalId:\"\"});(0,import_chai.expect)(res.status).to.equal(400);(0,import_chai.expect)(res.json.error?.message).to.be.a(\"string\")",
              "err": {},
              "uuid": "e07d6155-ab51-426d-b7f7-1138a3d60bda",
              "parentUUID": "9fab1f8f-2205-4773-99eb-7cf206cc2f94",
              "isHook": false,
              "skipped": false
            }
          ],
          "suites": [],
          "passes": [
            "0f21295d-f8dd-4ea2-bdda-3f377a7e0efe",
            "a90116a7-518b-4ea4-ad0c-be166e245ac6",
            "e07d6155-ab51-426d-b7f7-1138a3d60bda"
          ],
          "failures": [],
          "pending": [],
          "skipped": [],
          "duration": 59,
          "root": false,
          "rootEmpty": false,
          "_timeout": 30000
        },
        {
          "uuid": "2ec6eb82-ea5e-41ef-9ae1-5c9049a86813",
          "title": "E2E flow",
          "fullFile": "D:\\apps\\test-automation\\marketing-automation-demo\\tests\\integration\\src\\e2e-flow.spec.ts",
          "file": "\\src\\e2e-flow.spec.ts",
          "beforeHooks": [
            {
              "title": "\"before each\" hook in \"E2E flow\"",
              "fullTitle": "E2E flow \"before each\" hook in \"E2E flow\"",
              "timedOut": false,
              "duration": 1153,
              "state": null,
              "speed": null,
              "pass": false,
              "fail": false,
              "pending": false,
              "context": null,
              "code": "0,import_setup.beforeEachHook)()",
              "err": {},
              "uuid": "19240b11-1089-4709-a0a0-ae93cd382b77",
              "parentUUID": "2ec6eb82-ea5e-41ef-9ae1-5c9049a86813",
              "isHook": true,
              "skipped": false
            }
          ],
          "afterHooks": [
            {
              "title": "\"after all\" hook in \"E2E flow\"",
              "fullTitle": "E2E flow \"after all\" hook in \"E2E flow\"",
              "timedOut": false,
              "duration": 1,
              "state": null,
              "speed": null,
              "pass": false,
              "fail": false,
              "pending": false,
              "context": null,
              "code": "0,import_setup.afterAllHook)()",
              "err": {},
              "uuid": "2144e09f-f50f-4b51-bc2d-b403186a5f5c",
              "parentUUID": "2ec6eb82-ea5e-41ef-9ae1-5c9049a86813",
              "isHook": true,
              "skipped": false
            }
          ],
          "tests": [
            {
              "title": "customer -> consent -> idempotent event -> next offer",
              "fullTitle": "E2E flow customer -> consent -> idempotent event -> next offer",
              "timedOut": false,
              "duration": 679,
              "state": "passed",
              "speed": "slow",
              "pass": true,
              "fail": false,
              "pending": false,
              "context": null,
              "code": "const externalId=`crm-${Date.now()}`;const created=await customers.create({externalId,fullName:\"E2E User\",attributes:{segment:\"MORTGAGE_INTEREST\"}});(0,import_chai.expect)(created.status).to.equal(201);const customerId=created.json.id;const consentRes=await consents.upsert(customerId,{marketingOptIn:true});(0,import_chai.expect)(consentRes.status).to.equal(200);const idemKey=`evt-${customerId}-view-mortgage-001`;const e1=await events.ingest({customerId,eventType:\"VIEW_MORTGAGE\",idempotencyKey:idemKey,payload:{page:\"/mortgage\"}});(0,import_chai.expect)(e1.status).to.equal(201);const e2=await events.ingest({customerId,eventType:\"VIEW_MORTGAGE\",idempotencyKey:idemKey,payload:{page:\"/mortgage\"}});(0,import_chai.expect)(e2.status).to.equal(200);(0,import_chai.expect)(e2.json.id).to.equal(e1.json.id);const cnt=await(0,import_dbClient.queryOne)(`SELECT count(*)::text as cnt FROM events WHERE idempotency_key = $1`,[idemKey]);(0,import_chai.expect)(cnt?.cnt).to.equal(\"1\");const next=await offers.next(customerId);(0,import_chai.expect)(next.status).to.equal(200);(0,import_chai.expect)(next.json.hasOffer).to.equal(true);(0,import_chai.expect)(next.json.offer?.offerCode).to.equal(\"MORTGAGE_PROMO_01\")",
              "err": {},
              "uuid": "ff4cee62-c89e-4ffd-aeb8-fe761803fc29",
              "parentUUID": "2ec6eb82-ea5e-41ef-9ae1-5c9049a86813",
              "isHook": false,
              "skipped": false
            }
          ],
          "suites": [],
          "passes": [
            "ff4cee62-c89e-4ffd-aeb8-fe761803fc29"
          ],
          "failures": [],
          "pending": [],
          "skipped": [],
          "duration": 679,
          "root": false,
          "rootEmpty": false,
          "_timeout": 30000
        },
        {
          "uuid": "0bed07e7-b814-4252-badb-f88bbd2c02a8",
          "title": "Events",
          "fullFile": "D:\\apps\\test-automation\\marketing-automation-demo\\tests\\integration\\src\\events.spec.ts",
          "file": "\\src\\events.spec.ts",
          "beforeHooks": [
            {
              "title": "\"before each\" hook in \"Events\"",
              "fullTitle": "Events \"before each\" hook in \"Events\"",
              "timedOut": false,
              "duration": 1078,
              "state": null,
              "speed": null,
              "pass": false,
              "fail": false,
              "pending": false,
              "context": null,
              "code": "0,import_setup.beforeEachHook)()",
              "err": {},
              "uuid": "e76464f1-c77b-4076-9b66-add6abe9d43d",
              "parentUUID": "0bed07e7-b814-4252-badb-f88bbd2c02a8",
              "isHook": true,
              "skipped": false
            }
          ],
          "afterHooks": [
            {
              "title": "\"after all\" hook in \"Events\"",
              "fullTitle": "Events \"after all\" hook in \"Events\"",
              "timedOut": false,
              "duration": 0,
              "state": null,
              "speed": null,
              "pass": false,
              "fail": false,
              "pending": false,
              "context": null,
              "code": "0,import_setup.afterAllHook)()",
              "err": {},
              "uuid": "7580035b-fead-43a3-9997-b234343ad5c7",
              "parentUUID": "0bed07e7-b814-4252-badb-f88bbd2c02a8",
              "isHook": true,
              "skipped": false
            }
          ],
          "tests": [
            {
              "title": "is idempotent by idempotencyKey (201 then 200, same id/createdAt)",
              "fullTitle": "Events is idempotent by idempotencyKey (201 then 200, same id/createdAt)",
              "timedOut": false,
              "duration": 157,
              "state": "passed",
              "speed": "slow",
              "pass": true,
              "fail": false,
              "pending": false,
              "context": null,
              "code": "const{customerId}=await(0,import_fixtures.createCustomer)();const key=`evt-${customerId}-view-mortgage-001`;const e1=await events.ingest({customerId,eventType:\"VIEW_MORTGAGE\",idempotencyKey:key,payload:{page:\"/mortgage\"}});(0,import_chai.expect)(e1.status).to.equal(201);(0,import_chai.expect)(e1.json.isDuplicate).to.equal(false);const e2=await events.ingest({customerId,eventType:\"VIEW_MORTGAGE\",idempotencyKey:key,payload:{page:\"/mortgage\"}});(0,import_chai.expect)(e2.status).to.equal(200);(0,import_chai.expect)(e2.json.isDuplicate).to.equal(true);(0,import_chai.expect)(e2.json.id).to.equal(e1.json.id);(0,import_chai.expect)(e2.json.createdAt).to.equal(e1.json.createdAt);const row=await(0,import_dbClient.queryOne)(`SELECT count(*)::text as cnt FROM events WHERE idempotency_key = $1`,[key]);(0,import_chai.expect)(row?.cnt).to.equal(\"1\")",
              "err": {},
              "uuid": "1edccb43-ea92-4f0c-ac72-0992b44b7f3f",
              "parentUUID": "0bed07e7-b814-4252-badb-f88bbd2c02a8",
              "isHook": false,
              "skipped": false
            },
            {
              "title": "returns 404 when customer does not exist",
              "fullTitle": "Events returns 404 when customer does not exist",
              "timedOut": false,
              "duration": 4,
              "state": "passed",
              "speed": "fast",
              "pass": true,
              "fail": false,
              "pending": false,
              "context": null,
              "code": "const fakeId=\"00000000-0000-0000-0000-000000000000\";const res=await events.ingest({customerId:fakeId,eventType:\"VIEW_MORTGAGE\",idempotencyKey:\"evt-nonexistent-0001\",payload:{}});(0,import_chai.expect)(res.status).to.equal(404);(0,import_chai.expect)(res.json.error?.message).to.be.a(\"string\")",
              "err": {},
              "uuid": "70ce03e6-1e2c-45a8-be29-6e78c8703b3a",
              "parentUUID": "0bed07e7-b814-4252-badb-f88bbd2c02a8",
              "isHook": false,
              "skipped": false
            },
            {
              "title": "returns 400 when idempotencyKey is too short",
              "fullTitle": "Events returns 400 when idempotencyKey is too short",
              "timedOut": false,
              "duration": 37,
              "state": "passed",
              "speed": "fast",
              "pass": true,
              "fail": false,
              "pending": false,
              "context": null,
              "code": "const{customerId}=await(0,import_fixtures.createCustomer)();const res=await events.ingest({customerId,eventType:\"VIEW_MORTGAGE\",idempotencyKey:\"short\",payload:{}});(0,import_chai.expect)(res.status).to.equal(400);(0,import_chai.expect)(res.json.error?.message).to.be.a(\"string\")",
              "err": {},
              "uuid": "634312ed-c08a-49e1-b666-4b05bc4feeb4",
              "parentUUID": "0bed07e7-b814-4252-badb-f88bbd2c02a8",
              "isHook": false,
              "skipped": false
            }
          ],
          "suites": [],
          "passes": [
            "1edccb43-ea92-4f0c-ac72-0992b44b7f3f",
            "70ce03e6-1e2c-45a8-be29-6e78c8703b3a",
            "634312ed-c08a-49e1-b666-4b05bc4feeb4"
          ],
          "failures": [],
          "pending": [],
          "skipped": [],
          "duration": 198,
          "root": false,
          "rootEmpty": false,
          "_timeout": 30000
        },
        {
          "uuid": "6d29ff5b-4d90-44fe-94c3-621b46be8a00",
          "title": "Offers (Next Best Offer)",
          "fullFile": "D:\\apps\\test-automation\\marketing-automation-demo\\tests\\integration\\src\\offers.spec.ts",
          "file": "\\src\\offers.spec.ts",
          "beforeHooks": [
            {
              "title": "\"before each\" hook in \"Offers (Next Best Offer)\"",
              "fullTitle": "Offers (Next Best Offer) \"before each\" hook in \"Offers (Next Best Offer)\"",
              "timedOut": false,
              "duration": 1051,
              "state": null,
              "speed": null,
              "pass": false,
              "fail": false,
              "pending": false,
              "context": null,
              "code": "0,import_setup.beforeEachHook)()",
              "err": {},
              "uuid": "58d8a499-e800-4a71-90cb-18832ce24575",
              "parentUUID": "6d29ff5b-4d90-44fe-94c3-621b46be8a00",
              "isHook": true,
              "skipped": false
            }
          ],
          "afterHooks": [
            {
              "title": "\"after all\" hook in \"Offers (Next Best Offer)\"",
              "fullTitle": "Offers (Next Best Offer) \"after all\" hook in \"Offers (Next Best Offer)\"",
              "timedOut": false,
              "duration": 0,
              "state": null,
              "speed": null,
              "pass": false,
              "fail": false,
              "pending": false,
              "context": null,
              "code": "0,import_setup.afterAllHook)()",
              "err": {},
              "uuid": "9886bd11-8794-4cf6-ad9d-5b99cd9c6411",
              "parentUUID": "6d29ff5b-4d90-44fe-94c3-621b46be8a00",
              "isHook": true,
              "skipped": false
            }
          ],
          "tests": [
            {
              "title": "returns NO_MARKETING_CONSENT and does not insert into offers",
              "fullTitle": "Offers (Next Best Offer) returns NO_MARKETING_CONSENT and does not insert into offers",
              "timedOut": false,
              "duration": 95,
              "state": "passed",
              "speed": "slow",
              "pass": true,
              "fail": false,
              "pending": false,
              "context": null,
              "code": "const{customerId}=await(0,import_fixtures.createCustomer)();const next=await offers.next(customerId);(0,import_chai.expect)(next.status).to.equal(200);(0,import_chai.expect)(next.json.hasOffer).to.equal(false);(0,import_chai.expect)(next.json.reason).to.equal(\"NO_MARKETING_CONSENT\");const row=await(0,import_dbClient.queryOne)(`SELECT count(*)::text as cnt FROM offers WHERE customer_id = $1`,[customerId]);(0,import_chai.expect)(row?.cnt).to.equal(\"0\")",
              "err": {},
              "uuid": "d1f81177-d3bf-422b-86d4-84b1dd6815f9",
              "parentUUID": "6d29ff5b-4d90-44fe-94c3-621b46be8a00",
              "isHook": false,
              "skipped": false
            },
            {
              "title": "returns NO_RELEVANT_EVENT when consent true but no event",
              "fullTitle": "Offers (Next Best Offer) returns NO_RELEVANT_EVENT when consent true but no event",
              "timedOut": false,
              "duration": 76,
              "state": "passed",
              "speed": "slow",
              "pass": true,
              "fail": false,
              "pending": false,
              "context": null,
              "code": "const{customerId}=await(0,import_fixtures.createCustomerWithConsent)(true);const next=await offers.next(customerId);(0,import_chai.expect)(next.status).to.equal(200);(0,import_chai.expect)(next.json.hasOffer).to.equal(false);(0,import_chai.expect)(next.json.reason).to.equal(\"NO_RELEVANT_EVENT\")",
              "err": {},
              "uuid": "2c98ece7-cc44-444e-b438-c6ee53f0c7f9",
              "parentUUID": "6d29ff5b-4d90-44fe-94c3-621b46be8a00",
              "isHook": false,
              "skipped": false
            },
            {
              "title": "returns offer and inserts decision record when eligible",
              "fullTitle": "Offers (Next Best Offer) returns offer and inserts decision record when eligible",
              "timedOut": false,
              "duration": 110,
              "state": "passed",
              "speed": "slow",
              "pass": true,
              "fail": false,
              "pending": false,
              "context": null,
              "code": "const{customerId}=await(0,import_fixtures.createCustomerConsentAndMortgageEvent)();const next=await offers.next(customerId);(0,import_chai.expect)(next.status).to.equal(200);(0,import_chai.expect)(next.json.hasOffer).to.equal(true);(0,import_chai.expect)(next.json.offer?.offerCode).to.equal(\"MORTGAGE_PROMO_01\");const offerRow=await(0,import_dbClient.queryOne)(`SELECT offer_code FROM offers WHERE customer_id = $1 ORDER BY created_at DESC LIMIT 1`,[customerId]);(0,import_chai.expect)(offerRow?.offer_code).to.equal(\"MORTGAGE_PROMO_01\")",
              "err": {},
              "uuid": "a475b222-8564-4e3a-9336-f5598e1d2616",
              "parentUUID": "6d29ff5b-4d90-44fe-94c3-621b46be8a00",
              "isHook": false,
              "skipped": false
            }
          ],
          "suites": [],
          "passes": [
            "d1f81177-d3bf-422b-86d4-84b1dd6815f9",
            "2c98ece7-cc44-444e-b438-c6ee53f0c7f9",
            "a475b222-8564-4e3a-9336-f5598e1d2616"
          ],
          "failures": [],
          "pending": [],
          "skipped": [],
          "duration": 281,
          "root": false,
          "rootEmpty": false,
          "_timeout": 30000
        }
      ],
      "passes": [],
      "failures": [],
      "pending": [],
      "skipped": [],
      "duration": 0,
      "root": true,
      "rootEmpty": true,
      "_timeout": 30000
    }
  ],
  "meta": {
    "mocha": {
      "version": "11.7.5"
    },
    "mochawesome": {
      "options": {
        "quiet": true,
        "reportFilename": "mochawesome",
        "saveHtml": true,
        "saveJson": true,
        "consoleReporter": "spec",
        "useInlineDiffs": false,
        "code": true
      },
      "version": "7.1.4"
    },
    "marge": {
      "options": {
        "reportDir": "reports",
        "overwrite": "true",
        "reportFilename": "mochawesome",
        "quiet": "true"
      },
      "version": "6.3.2"
    }
  }
}